{"contracts/HAVEN.sol":{"l":{"106":32,"107":32,"108":32,"127":17,"128":16,"130":15,"131":15,"133":15,"148":4,"149":3,"151":2,"153":2,"154":4,"155":4,"157":4,"158":4,"161":2,"163":2,"179":7,"180":6,"182":5,"183":5,"185":5,"200":0,"201":0,"203":0,"204":0,"206":0,"218":3,"226":1,"241":5,"243":4,"245":4,"251":4,"261":4,"263":4,"264":3,"266":2,"267":2,"269":2,"287":3,"302":25},"path":"/Volumes/DevOPS 2025/01_DEVOPS_PLATFORM/Haven Token/contracts/contracts/HAVEN.sol","s":{"1":32,"2":32,"3":32,"4":17,"5":16,"6":15,"7":15,"8":4,"9":3,"10":2,"11":2,"12":4,"13":4,"14":4,"15":2,"16":7,"17":6,"18":5,"19":5,"20":0,"21":0,"22":0,"23":0,"24":3,"25":1,"26":5,"27":4,"28":4,"29":4,"30":4,"31":3,"32":2,"33":3,"34":25},"b":{"1":[18,1],"2":[17,1],"3":[16,1],"4":[15,1],"5":[4,0],"6":[4,0],"7":[3,1],"8":[2,1],"9":[4,0],"10":[4,0],"11":[7,0],"12":[6,1],"13":[5,1],"14":[0,0],"15":[0,0],"16":[0,0],"17":[0,0],"18":[3,0],"19":[1,0],"20":[5,0],"21":[4,1],"22":[4,0],"23":[3,1],"24":[2,1]},"f":{"1":32,"2":17,"3":4,"4":7,"5":0,"6":3,"7":1,"8":5,"9":4,"10":3,"11":25},"fnMap":{"1":{"name":"constructor","line":105,"loc":{"start":{"line":105,"column":4},"end":{"line":109,"column":4}}},"2":{"name":"mint","line":126,"loc":{"start":{"line":122,"column":4},"end":{"line":134,"column":4}}},"3":{"name":"batchMint","line":147,"loc":{"start":{"line":143,"column":4},"end":{"line":164,"column":4}}},"4":{"name":"burnWithReason","line":178,"loc":{"start":{"line":175,"column":4},"end":{"line":186,"column":4}}},"5":{"name":"burnFrom","line":199,"loc":{"start":{"line":195,"column":4},"end":{"line":207,"column":4}}},"6":{"name":"pause","line":217,"loc":{"start":{"line":217,"column":4},"end":{"line":219,"column":4}}},"7":{"name":"unpause","line":225,"loc":{"start":{"line":225,"column":4},"end":{"line":227,"column":4}}},"8":{"name":"proposeTimelockChange","line":240,"loc":{"start":{"line":238,"column":4},"end":{"line":252,"column":4}}},"9":{"name":"executeTimelockChange","line":260,"loc":{"start":{"line":258,"column":4},"end":{"line":270,"column":4}}},"10":{"name":"getEmissionStats","line":282,"loc":{"start":{"line":282,"column":4},"end":{"line":288,"column":4}}},"11":{"name":"_update","line":297,"loc":{"start":{"line":297,"column":4},"end":{"line":303,"column":4}}}},"statementMap":{"1":{"start":{"line":106,"column":8},"end":{"line":106,"column":49}},"2":{"start":{"line":107,"column":8},"end":{"line":107,"column":42}},"3":{"start":{"line":108,"column":8},"end":{"line":108,"column":46}},"4":{"start":{"line":127,"column":8},"end":{"line":127,"column":63}},"5":{"start":{"line":128,"column":8},"end":{"line":128,"column":48}},"6":{"start":{"line":130,"column":8},"end":{"line":130,"column":24}},"7":{"start":{"line":133,"column":8},"end":{"line":133,"column":59}},"8":{"start":{"line":148,"column":8},"end":{"line":148,"column":76}},"9":{"start":{"line":149,"column":8},"end":{"line":149,"column":61}},"10":{"start":{"line":151,"column":8},"end":{"line":151,"column":31}},"11":{"start":{"line":153,"column":8},"end":{"line":153,"column":5329}},"12":{"start":{"line":154,"column":12},"end":{"line":154,"column":78}},"13":{"start":{"line":155,"column":12},"end":{"line":155,"column":56}},"14":{"start":{"line":157,"column":12},"end":{"line":157,"column":43}},"15":{"start":{"line":163,"column":8},"end":{"line":163,"column":73}},"16":{"start":{"line":179,"column":8},"end":{"line":179,"column":48}},"17":{"start":{"line":180,"column":8},"end":{"line":180,"column":71}},"18":{"start":{"line":182,"column":8},"end":{"line":182,"column":32}},"19":{"start":{"line":185,"column":8},"end":{"line":185,"column":67}},"20":{"start":{"line":200,"column":8},"end":{"line":200,"column":48}},"21":{"start":{"line":201,"column":8},"end":{"line":201,"column":65}},"22":{"start":{"line":203,"column":8},"end":{"line":203,"column":26}},"23":{"start":{"line":206,"column":8},"end":{"line":206,"column":61}},"24":{"start":{"line":218,"column":8},"end":{"line":218,"column":15}},"25":{"start":{"line":226,"column":8},"end":{"line":226,"column":17}},"26":{"start":{"line":241,"column":8},"end":{"line":241,"column":76}},"27":{"start":{"line":243,"column":8},"end":{"line":243,"column":44}},"28":{"start":{"line":251,"column":8},"end":{"line":251,"column":89}},"29":{"start":{"line":261,"column":8},"end":{"line":261,"column":73}},"30":{"start":{"line":263,"column":8},"end":{"line":263,"column":54}},"31":{"start":{"line":264,"column":8},"end":{"line":264,"column":78}},"32":{"start":{"line":269,"column":8},"end":{"line":269,"column":65}},"33":{"start":{"line":287,"column":8},"end":{"line":287,"column":56}},"34":{"start":{"line":302,"column":8},"end":{"line":302,"column":37}}},"branchMap":{"1":{"line":126,"type":"if","locations":[{"start":{"line":126,"column":15},"end":{"line":126,"column":15}},{"start":{"line":126,"column":15},"end":{"line":126,"column":15}}]},"2":{"line":126,"type":"if","locations":[{"start":{"line":126,"column":37},"end":{"line":126,"column":37}},{"start":{"line":126,"column":37},"end":{"line":126,"column":37}}]},"3":{"line":127,"type":"if","locations":[{"start":{"line":127,"column":8},"end":{"line":127,"column":8}},{"start":{"line":127,"column":8},"end":{"line":127,"column":8}}]},"4":{"line":128,"type":"if","locations":[{"start":{"line":128,"column":8},"end":{"line":128,"column":8}},{"start":{"line":128,"column":8},"end":{"line":128,"column":8}}]},"5":{"line":147,"type":"if","locations":[{"start":{"line":147,"column":15},"end":{"line":147,"column":15}},{"start":{"line":147,"column":15},"end":{"line":147,"column":15}}]},"6":{"line":147,"type":"if","locations":[{"start":{"line":147,"column":37},"end":{"line":147,"column":37}},{"start":{"line":147,"column":37},"end":{"line":147,"column":37}}]},"7":{"line":148,"type":"if","locations":[{"start":{"line":148,"column":8},"end":{"line":148,"column":8}},{"start":{"line":148,"column":8},"end":{"line":148,"column":8}}]},"8":{"line":149,"type":"if","locations":[{"start":{"line":149,"column":8},"end":{"line":149,"column":8}},{"start":{"line":149,"column":8},"end":{"line":149,"column":8}}]},"9":{"line":154,"type":"if","locations":[{"start":{"line":154,"column":12},"end":{"line":154,"column":12}},{"start":{"line":154,"column":12},"end":{"line":154,"column":12}}]},"10":{"line":155,"type":"if","locations":[{"start":{"line":155,"column":12},"end":{"line":155,"column":12}},{"start":{"line":155,"column":12},"end":{"line":155,"column":12}}]},"11":{"line":178,"type":"if","locations":[{"start":{"line":178,"column":15},"end":{"line":178,"column":15}},{"start":{"line":178,"column":15},"end":{"line":178,"column":15}}]},"12":{"line":179,"type":"if","locations":[{"start":{"line":179,"column":8},"end":{"line":179,"column":8}},{"start":{"line":179,"column":8},"end":{"line":179,"column":8}}]},"13":{"line":180,"type":"if","locations":[{"start":{"line":180,"column":8},"end":{"line":180,"column":8}},{"start":{"line":180,"column":8},"end":{"line":180,"column":8}}]},"14":{"line":199,"type":"if","locations":[{"start":{"line":199,"column":13},"end":{"line":199,"column":13}},{"start":{"line":199,"column":13},"end":{"line":199,"column":13}}]},"15":{"line":199,"type":"if","locations":[{"start":{"line":199,"column":35},"end":{"line":199,"column":35}},{"start":{"line":199,"column":35},"end":{"line":199,"column":35}}]},"16":{"line":200,"type":"if","locations":[{"start":{"line":200,"column":8},"end":{"line":200,"column":8}},{"start":{"line":200,"column":8},"end":{"line":200,"column":8}}]},"17":{"line":201,"type":"if","locations":[{"start":{"line":201,"column":8},"end":{"line":201,"column":8}},{"start":{"line":201,"column":8},"end":{"line":201,"column":8}}]},"18":{"line":217,"type":"if","locations":[{"start":{"line":217,"column":30},"end":{"line":217,"column":30}},{"start":{"line":217,"column":30},"end":{"line":217,"column":30}}]},"19":{"line":225,"type":"if","locations":[{"start":{"line":225,"column":32},"end":{"line":225,"column":32}},{"start":{"line":225,"column":32},"end":{"line":225,"column":32}}]},"20":{"line":240,"type":"if","locations":[{"start":{"line":240,"column":15},"end":{"line":240,"column":15}},{"start":{"line":240,"column":15},"end":{"line":240,"column":15}}]},"21":{"line":241,"type":"if","locations":[{"start":{"line":241,"column":8},"end":{"line":241,"column":8}},{"start":{"line":241,"column":8},"end":{"line":241,"column":8}}]},"22":{"line":260,"type":"if","locations":[{"start":{"line":260,"column":15},"end":{"line":260,"column":15}},{"start":{"line":260,"column":15},"end":{"line":260,"column":15}}]},"23":{"line":263,"type":"if","locations":[{"start":{"line":263,"column":8},"end":{"line":263,"column":8}},{"start":{"line":263,"column":8},"end":{"line":263,"column":8}}]},"24":{"line":264,"type":"if","locations":[{"start":{"line":264,"column":8},"end":{"line":264,"column":8}},{"start":{"line":264,"column":8},"end":{"line":264,"column":8}}]}}}}